<?xml version="1.0" encoding="UTF-8"?>
<testng-results ignored="0" total="6" passed="6" failed="0" skipped="0">
  <reporter-output>
  </reporter-output>
  <suite started-at="2025-06-05T20:21:50 IST" name="Default suite" finished-at="2025-06-05T20:22:29 IST" duration-ms="39069">
    <groups>
      <group name="regression">
        <method signature="AdminUserTest.validateLogin()[pri:0, instance:com.sevenmartsupermarket.tests.AdminUserTest@74e52ef6]" name="validateLogin" class="com.sevenmartsupermarket.tests.AdminUserTest"/>
      </group> <!-- regression -->
      <group name="smoke">
        <method signature="AdminUserTest.validateLogin()[pri:0, instance:com.sevenmartsupermarket.tests.AdminUserTest@74e52ef6]" name="validateLogin" class="com.sevenmartsupermarket.tests.AdminUserTest"/>
      </group> <!-- smoke -->
    </groups>
    <test started-at="2025-06-05T20:21:50 IST" name="Default test" finished-at="2025-06-05T20:22:29 IST" duration-ms="39069">
      <class name="com.sevenmartsupermarket.tests.AdminUserTest">
        <test-method is-config="true" signature="launchBrowser()[pri:0, instance:com.sevenmartsupermarket.tests.AdminUserTest@74e52ef6]" started-at="2025-06-05T20:21:50 IST" name="launchBrowser" finished-at="2025-06-05T20:21:54 IST" duration-ms="4251" status="PASS">
          <reporter-output>
          </reporter-output>
        </test-method> <!-- launchBrowser -->
        <test-method signature="vAalidateNewUser()[pri:0, instance:com.sevenmartsupermarket.tests.AdminUserTest@74e52ef6]" started-at="2025-06-05T20:21:54 IST" name="vAalidateNewUser" finished-at="2025-06-05T20:21:56 IST" duration-ms="1601" status="PASS">
          <reporter-output>
          </reporter-output>
        </test-method> <!-- vAalidateNewUser -->
        <test-method is-config="true" signature="terminateBrowser(org.testng.ITestResult)[pri:0, instance:com.sevenmartsupermarket.tests.AdminUserTest@74e52ef6]" started-at="2025-06-05T20:21:56 IST" name="terminateBrowser" finished-at="2025-06-05T20:21:56 IST" duration-ms="182" status="PASS">
          <params>
            <param index="0">
              <value>
                <![CDATA[[TestResult name=vAalidateNewUser status=SUCCESS method=AdminUserTest.vAalidateNewUser()[pri:0, instance:com.sevenmartsupermarket.tests.AdminUserTest@74e52ef6] output={null}]]]>
              </value>
            </param>
          </params>
          <reporter-output>
          </reporter-output>
        </test-method> <!-- terminateBrowser -->
        <test-method is-config="true" signature="launchBrowser()[pri:0, instance:com.sevenmartsupermarket.tests.AdminUserTest@74e52ef6]" started-at="2025-06-05T20:21:56 IST" name="launchBrowser" finished-at="2025-06-05T20:22:00 IST" duration-ms="4583" status="PASS">
          <reporter-output>
          </reporter-output>
        </test-method> <!-- launchBrowser -->
        <test-method signature="validateColorOFNewButton()[pri:0, instance:com.sevenmartsupermarket.tests.AdminUserTest@74e52ef6]" started-at="2025-06-05T20:22:00 IST" name="validateColorOFNewButton" finished-at="2025-06-05T20:22:02 IST" duration-ms="1590" status="PASS">
          <reporter-output>
          </reporter-output>
        </test-method> <!-- validateColorOFNewButton -->
        <test-method is-config="true" signature="terminateBrowser(org.testng.ITestResult)[pri:0, instance:com.sevenmartsupermarket.tests.AdminUserTest@74e52ef6]" started-at="2025-06-05T20:22:02 IST" name="terminateBrowser" finished-at="2025-06-05T20:22:02 IST" duration-ms="160" status="PASS">
          <params>
            <param index="0">
              <value>
                <![CDATA[[TestResult name=validateColorOFNewButton status=SUCCESS method=AdminUserTest.validateColorOFNewButton()[pri:0, instance:com.sevenmartsupermarket.tests.AdminUserTest@74e52ef6] output={null}]]]>
              </value>
            </param>
          </params>
          <reporter-output>
          </reporter-output>
        </test-method> <!-- terminateBrowser -->
        <test-method is-config="true" signature="launchBrowser()[pri:0, instance:com.sevenmartsupermarket.tests.AdminUserTest@74e52ef6]" started-at="2025-06-05T20:22:02 IST" name="launchBrowser" finished-at="2025-06-05T20:22:05 IST" duration-ms="3020" status="PASS">
          <reporter-output>
          </reporter-output>
        </test-method> <!-- launchBrowser -->
        <test-method signature="validateLogin()[pri:0, instance:com.sevenmartsupermarket.tests.AdminUserTest@74e52ef6]" started-at="2025-06-05T20:22:05 IST" name="validateLogin" finished-at="2025-06-05T20:22:06 IST" duration-ms="1309" status="PASS">
          <reporter-output>
          </reporter-output>
        </test-method> <!-- validateLogin -->
        <test-method is-config="true" signature="terminateBrowser(org.testng.ITestResult)[pri:0, instance:com.sevenmartsupermarket.tests.AdminUserTest@74e52ef6]" started-at="2025-06-05T20:22:06 IST" name="terminateBrowser" finished-at="2025-06-05T20:22:08 IST" duration-ms="1647" status="PASS">
          <params>
            <param index="0">
              <value>
                <![CDATA[[TestResult name=validateLogin status=SUCCESS method=AdminUserTest.validateLogin()[pri:0, instance:com.sevenmartsupermarket.tests.AdminUserTest@74e52ef6] output={null}]]]>
              </value>
            </param>
          </params>
          <reporter-output>
          </reporter-output>
        </test-method> <!-- terminateBrowser -->
        <test-method is-config="true" signature="launchBrowser()[pri:0, instance:com.sevenmartsupermarket.tests.AdminUserTest@74e52ef6]" started-at="2025-06-05T20:22:08 IST" name="launchBrowser" finished-at="2025-06-05T20:22:11 IST" duration-ms="2859" status="PASS">
          <reporter-output>
          </reporter-output>
        </test-method> <!-- launchBrowser -->
        <test-method signature="verifyAdminUserRegistration(java.lang.String,java.lang.String)[pri:0, instance:com.sevenmartsupermarket.tests.AdminUserTest@74e52ef6]" started-at="2025-06-05T20:22:11 IST" name="verifyAdminUserRegistration" data-provider="admin data" finished-at="2025-06-05T20:22:14 IST" duration-ms="2774" status="PASS">
          <params>
            <param index="0">
              <value>
                <![CDATA[sree90@gmail]]>
              </value>
            </param>
            <param index="1">
              <value>
                <![CDATA[drett]]>
              </value>
            </param>
          </params>
          <reporter-output>
          </reporter-output>
        </test-method> <!-- verifyAdminUserRegistration -->
        <test-method is-config="true" signature="terminateBrowser(org.testng.ITestResult)[pri:0, instance:com.sevenmartsupermarket.tests.AdminUserTest@74e52ef6]" started-at="2025-06-05T20:22:14 IST" name="terminateBrowser" finished-at="2025-06-05T20:22:14 IST" duration-ms="400" status="PASS">
          <params>
            <param index="0">
              <value>
                <![CDATA[[TestResult name=verifyAdminUserRegistration status=SUCCESS method=AdminUserTest.verifyAdminUserRegistration(java.lang.String,java.lang.String)[pri:0, instance:com.sevenmartsupermarket.tests.AdminUserTest@74e52ef6] output={null}]]]>
              </value>
            </param>
          </params>
          <reporter-output>
          </reporter-output>
        </test-method> <!-- terminateBrowser -->
        <test-method is-config="true" signature="launchBrowser()[pri:0, instance:com.sevenmartsupermarket.tests.AdminUserTest@74e52ef6]" started-at="2025-06-05T20:22:14 IST" name="launchBrowser" finished-at="2025-06-05T20:22:17 IST" duration-ms="3024" status="PASS">
          <reporter-output>
          </reporter-output>
        </test-method> <!-- launchBrowser -->
        <test-method signature="verifyAdminUserRegistration(java.lang.String,java.lang.String)[pri:0, instance:com.sevenmartsupermarket.tests.AdminUserTest@74e52ef6]" started-at="2025-06-05T20:22:17 IST" name="verifyAdminUserRegistration" data-provider="admin data" finished-at="2025-06-05T20:22:20 IST" duration-ms="2510" status="PASS">
          <params>
            <param index="0">
              <value>
                <![CDATA[mohan89@gmail]]>
              </value>
            </param>
            <param index="1">
              <value>
                <![CDATA[fggrrt]]>
              </value>
            </param>
          </params>
          <reporter-output>
          </reporter-output>
        </test-method> <!-- verifyAdminUserRegistration -->
        <test-method is-config="true" signature="terminateBrowser(org.testng.ITestResult)[pri:0, instance:com.sevenmartsupermarket.tests.AdminUserTest@74e52ef6]" started-at="2025-06-05T20:22:20 IST" name="terminateBrowser" finished-at="2025-06-05T20:22:20 IST" duration-ms="316" status="PASS">
          <params>
            <param index="0">
              <value>
                <![CDATA[[TestResult name=verifyAdminUserRegistration status=SUCCESS method=AdminUserTest.verifyAdminUserRegistration(java.lang.String,java.lang.String)[pri:0, instance:com.sevenmartsupermarket.tests.AdminUserTest@74e52ef6] output={null}]]]>
              </value>
            </param>
          </params>
          <reporter-output>
          </reporter-output>
        </test-method> <!-- terminateBrowser -->
        <test-method is-config="true" signature="launchBrowser()[pri:0, instance:com.sevenmartsupermarket.tests.AdminUserTest@74e52ef6]" started-at="2025-06-05T20:22:20 IST" name="launchBrowser" finished-at="2025-06-05T20:22:25 IST" duration-ms="4944" status="PASS">
          <reporter-output>
          </reporter-output>
        </test-method> <!-- launchBrowser -->
        <test-method signature="verifyAdminUserRegistration(java.lang.String,java.lang.String)[pri:0, instance:com.sevenmartsupermarket.tests.AdminUserTest@74e52ef6]" started-at="2025-06-05T20:22:25 IST" name="verifyAdminUserRegistration" data-provider="admin data" finished-at="2025-06-05T20:22:28 IST" duration-ms="3321" status="PASS">
          <params>
            <param index="0">
              <value>
                <![CDATA[raju45@gmail]]>
              </value>
            </param>
            <param index="1">
              <value>
                <![CDATA[fhyy]]>
              </value>
            </param>
          </params>
          <reporter-output>
          </reporter-output>
        </test-method> <!-- verifyAdminUserRegistration -->
        <test-method is-config="true" signature="terminateBrowser(org.testng.ITestResult)[pri:0, instance:com.sevenmartsupermarket.tests.AdminUserTest@74e52ef6]" started-at="2025-06-05T20:22:28 IST" name="terminateBrowser" finished-at="2025-06-05T20:22:29 IST" duration-ms="368" status="PASS">
          <params>
            <param index="0">
              <value>
                <![CDATA[[TestResult name=verifyAdminUserRegistration status=SUCCESS method=AdminUserTest.verifyAdminUserRegistration(java.lang.String,java.lang.String)[pri:0, instance:com.sevenmartsupermarket.tests.AdminUserTest@74e52ef6] output={null}]]]>
              </value>
            </param>
          </params>
          <reporter-output>
          </reporter-output>
        </test-method> <!-- terminateBrowser -->
      </class> <!-- com.sevenmartsupermarket.tests.AdminUserTest -->
    </test> <!-- Default test -->
  </suite> <!-- Default suite -->
</testng-results>
