<?xml version="1.0" encoding="UTF-8"?>
<!-- Generated by org.testng.reporters.JUnitXMLReporter -->
<testsuite ignored="0" hostname="hp" failures="0" tests="6" name="Default test" time="39.069" errors="0" timestamp="2025-06-05T20:22:29 IST">
  <testcase classname="com.sevenmartsupermarket.tests.AdminUserTest" name="vAalidateNewUser" time="1.601"/>
  <testcase classname="com.sevenmartsupermarket.tests.AdminUserTest" name="validateColorOFNewButton" time="1.59"/>
  <testcase classname="com.sevenmartsupermarket.tests.AdminUserTest" name="validateLogin" time="1.309"/>
  <testcase classname="com.sevenmartsupermarket.tests.AdminUserTest" name="verifyAdminUserRegistration" time="2.774"/>
  <testcase classname="com.sevenmartsupermarket.tests.AdminUserTest" name="verifyAdminUserRegistration" time="2.51"/>
  <testcase classname="com.sevenmartsupermarket.tests.AdminUserTest" name="verifyAdminUserRegistration" time="3.321"/>
</testsuite> <!-- Default test -->
